2017-05-18 11:46:45.48 INFO in 'bus' at line 89: Автобусы в Алматы. Объявления о продаже автобусов — Колёса
2017-05-18 11:47:17.717 INFO in 'bus' at line 89: Автобусы в Алматы. Объявления о продаже автобусов — Колёса, страница 2
2017-05-18 11:47:51.207 INFO in 'bus' at line 89: Автобусы в Алматы. Объявления о продаже автобусов — Колёса, страница 3
2017-05-18 11:48:23.746 INFO in 'bus' at line 89: Автобусы в Алматы. Объявления о продаже автобусов — Колёса, страница 4
2017-05-18 11:48:57.631 INFO in 'bus' at line 89: Автобусы в Алматы. Объявления о продаже автобусов — Колёса, страница 5
2017-05-18 11:49:30.487 INFO in 'bus' at line 89: Автобусы в Алматы. Объявления о продаже автобусов — Колёса, страница 6
2017-05-18 11:50:04.897 INFO in 'bus' at line 89: Автобусы в Алматы. Объявления о продаже автобусов — Колёса, страница 7
2017-05-18 11:50:36.28 INFO in 'bus' at line 89: Автобусы в Алматы. Объявления о продаже автобусов — Колёса, страница 8
2017-05-18 11:51:09.423 INFO in 'bus' at line 89: Автобусы в Алматы. Объявления о продаже автобусов — Колёса, страница 9
2017-05-18 11:51:42.735 INFO in 'bus' at line 89: Автобусы в Алматы. Объявления о продаже автобусов — Колёса, страница 10
2017-05-18 11:52:13.700 INFO in 'bus' at line 89: Автобусы в Алматы. Объявления о продаже автобусов — Колёса, страница 11
2017-05-18 11:52:45.804 INFO in 'bus' at line 89: Автобусы в Алматы. Объявления о продаже автобусов — Колёса, страница 12
2017-05-18 11:53:17.928 INFO in 'bus' at line 89: Автобусы в Алматы. Объявления о продаже автобусов — Колёса, страница 13
2017-05-18 11:53:49.20 INFO in 'bus' at line 89: Автобусы в Алматы. Объявления о продаже автобусов — Колёса, страница 14
2017-05-18 11:54:12.266 INFO in 'bus' at line 89: Автобусы в Астане. Объявления о продаже автобусов — Колёса
2017-05-18 11:54:47.434 ERROR in 'bus' at line 225: exception message
Traceback (most recent call last):
  File "bus.py", line 102, in <module>
    time.sleep(1)
KeyboardInterrupt
2017-05-18 11:54:47.435 INFO in 'bus' at line 226: https://kolesa.kz/a/show/35952211
