2017-05-18 11:46:00.584 INFO in 'spec_technics' at line 89: Купить спецтехнику в Алматы - цены на доске бесплатных объявлений — Колёса
2017-05-18 11:46:37.732 INFO in 'spec_technics' at line 89: Купить спецтехнику в Алматы - цены на доске бесплатных объявлений — Колёса, страница 2
2017-05-18 11:47:15.616 INFO in 'spec_technics' at line 89: Купить спецтехнику в Алматы - цены на доске бесплатных объявлений — Колёса, страница 3
2017-05-18 11:47:50.870 INFO in 'spec_technics' at line 89: Купить спецтехнику в Алматы - цены на доске бесплатных объявлений — Колёса, страница 4
2017-05-18 11:48:25.677 INFO in 'spec_technics' at line 89: Купить спецтехнику в Алматы - цены на доске бесплатных объявлений — Колёса, страница 5
2017-05-18 11:49:00.748 INFO in 'spec_technics' at line 89: Купить спецтехнику в Алматы - цены на доске бесплатных объявлений — Колёса, страница 6
2017-05-18 11:49:38.122 INFO in 'spec_technics' at line 89: Купить спецтехнику в Алматы - цены на доске бесплатных объявлений — Колёса, страница 7
2017-05-18 11:50:13.785 INFO in 'spec_technics' at line 89: Купить спецтехнику в Алматы - цены на доске бесплатных объявлений — Колёса, страница 8
2017-05-18 11:51:37.98 INFO in 'spec_technics' at line 89: Купить спецтехнику в Алматы - цены на доске бесплатных объявлений — Колёса, страница 9
2017-05-18 11:52:12.406 INFO in 'spec_technics' at line 89: Купить спецтехнику в Алматы - цены на доске бесплатных объявлений — Колёса, страница 10
2017-05-18 11:52:48.229 INFO in 'spec_technics' at line 89: Купить спецтехнику в Алматы - цены на доске бесплатных объявлений — Колёса, страница 11
2017-05-18 11:53:24.620 INFO in 'spec_technics' at line 89: Купить спецтехнику в Алматы - цены на доске бесплатных объявлений — Колёса, страница 12
2017-05-18 11:53:59.981 INFO in 'spec_technics' at line 89: Купить спецтехнику в Алматы - цены на доске бесплатных объявлений — Колёса, страница 13
2017-05-18 11:54:38.51 INFO in 'spec_technics' at line 89: Купить спецтехнику в Алматы - цены на доске бесплатных объявлений — Колёса, страница 14
2017-05-18 11:54:44.204 ERROR in 'spec_technics' at line 218: exception message
Traceback (most recent call last):
  File "spec_technics.py", line 102, in <module>
    time.sleep(1)
KeyboardInterrupt
2017-05-18 11:54:44.205 INFO in 'spec_technics' at line 219: https://kolesa.kz/a/show/35479780
